TN:
SF:/workspaces/mcp-todo/rustquote_service/src/api_handler.rs
FN:18,{async_fn#0}
FN:36,get_quote_handler
FN:87,get_quote_by_id_handler
FNF:3
FNDA:3,{async_fn#0}
FNDA:4,get_quote_handler
FNDA:4,get_quote_by_id_handler
DA:18,3
DA:22,1
DA:24,1
DA:36,4
DA:39,12
DA:41,0
DA:43,5
DA:44,2
DA:45,5
DA:47,1
DA:48,1
DA:50,3
DA:52,1
DA:53,1
DA:55,3
DA:56,1
DA:60,0
DA:62,0
DA:66,1
DA:68,3
DA:72,3
DA:74,2
DA:87,4
DA:91,12
DA:94,0
DA:97,8
DA:98,2
DA:99,3
DA:100,3
DA:104,2
DA:110,6
DA:112,1
DA:113,1
DA:115,3
DA:116,1
DA:118,3
DA:119,2
DA:125,1
DA:126,3
DA:131,3
DA:132,2
LF:41
LH:37
end_of_record
TN:
SF:/workspaces/mcp-todo/rustquote_service/src/errors.rs
FN:56,into_response
FN:87,from
FN:104,from
FNF:3
FNDA:3,into_response
FNDA:1,from
FNDA:3,from
DA:56,3
DA:57,8
DA:58,2
DA:60,1
DA:61,1
DA:63,2
DA:64,1
DA:65,6
DA:68,3
DA:69,3
DA:73,5
DA:74,3
DA:75,3
DA:78,5
DA:87,1
DA:88,2
DA:104,3
DA:105,3
DA:106,3
DA:107,6
DA:109,1
DA:110,2
DA:112,2
DA:113,4
LF:24
LH:24
end_of_record
TN:
SF:/workspaces/mcp-todo/rustquote_service/src/lib.rs
FN:32,run_server
FN:54,app
FNF:2
FNDA:0,run_server
FNDA:7,app
DA:32,0
DA:37,0
DA:41,0
DA:43,0
DA:45,0
DA:46,0
DA:47,0
DA:48,0
DA:49,0
DA:54,7
DA:55,28
DA:56,14
DA:57,13
DA:60,5
DA:62,3
LF:15
LH:6
end_of_record
TN:
SF:/workspaces/mcp-todo/rustquote_service/src/models/quote.rs
FNF:0
DA:44,1
LF:1
LH:1
end_of_record
TN:
SF:/workspaces/mcp-todo/rustquote_service/src/quote_generator.rs
FN:12,placeholder_quote_generation
FNF:1
FNDA:0,placeholder_quote_generation
DA:12,0
DA:13,0
LF:2
LH:0
end_of_record
TN:
SF:/workspaces/mcp-todo/rustquote_service/src/services/quote_service.rs
FN:22,fmt
FN:45,source
FN:63,load_quotes_from_file
FN:88,get_random_quote
FN:108,get_quote_by_id
FN:109,{closure#0}
FNF:6
FNDA:0,fmt
FNDA:0,source
FNDA:7,load_quotes_from_file
FNDA:2,get_random_quote
FNDA:3,get_quote_by_id
FNDA:9,{closure#0}
DA:22,0
DA:23,0
DA:24,0
DA:25,0
DA:27,0
DA:28,0
DA:30,0
DA:45,0
DA:46,0
DA:47,0
DA:48,0
DA:49,0
DA:63,7
DA:64,4
DA:65,3
DA:66,3
DA:70,8
DA:72,11
DA:75,5
DA:88,2
DA:89,3
DA:90,1
DA:93,2
DA:94,5
DA:108,3
DA:109,9
LF:26
LH:14
end_of_record
TN:
SF:/workspaces/mcp-todo/rustquote_service/src/utils.rs
FN:12,placeholder_util_function
FNF:1
FNDA:0,placeholder_util_function
DA:12,0
DA:13,0
LF:2
LH:0
end_of_record
TN:
SF:/workspaces/mcp-todo/src/config_manager.rs
FN:24,from
FN:38,load_config
FN:42,{closure#0}
FN:45,{closure#1}
FN:53,{closure#2}
FNF:5
FNDA:0,from
FNDA:1,load_config
FNDA:3,{closure#0}
FNDA:4,{closure#1}
FNDA:2,{closure#2}
DA:24,0
DA:29,0
DA:38,1
DA:40,1
DA:42,3
DA:45,4
DA:46,1
DA:52,1
DA:53,2
DA:55,1
DA:57,1
LF:11
LH:9
end_of_record
TN:
SF:/workspaces/mcp-todo/src/main.rs
FN:17,main
FNF:1
FNDA:0,main
DA:17,0
DA:20,0
DA:22,0
DA:25,0
DA:26,0
DA:27,0
DA:28,0
DA:30,0
DA:31,0
DA:32,0
DA:36,0
DA:37,0
DA:38,0
DA:40,0
LF:14
LH:0
end_of_record
